0 info it worked if it ends with ok
1 verbose cli [ 'nodejs', '/usr/bin/npm', 'install', '-g', 'tidy' ]
2 info using npm@1.1.69
3 info using node@v0.8.16
4 verbose read json /usr/lib/package.json
5 verbose read json /usr/lib/package.json
6 verbose cache add [ 'tidy', null ]
7 silly cache add name=undefined spec="tidy" args=["tidy",null]
8 verbose parsed url { pathname: 'tidy', path: 'tidy', href: 'tidy' }
9 silly lockFile a78fb138-tidy tidy
10 verbose lock tidy /home/spenserj/.npm/a78fb138-tidy.lock
11 silly lockFile a78fb138-tidy tidy
12 verbose addNamed [ 'tidy', '' ]
13 verbose addNamed [ null, '' ]
14 silly lockFile 1b083149-tidy tidy@
15 verbose lock tidy@ /home/spenserj/.npm/1b083149-tidy.lock
16 silly addNameRange { name: 'tidy', range: '', hasData: false }
17 verbose url raw tidy
18 verbose url resolving [ 'https://registry.npmjs.org/', './tidy' ]
19 verbose url resolved https://registry.npmjs.org/tidy
20 info trying registry request attempt 1 at 23:38:30
21 verbose etag "8HJAERSN7OX4WCVTH01OHGZRO"
22 http GET https://registry.npmjs.org/tidy
23 http 304 https://registry.npmjs.org/tidy
24 silly registry.get cb [ 304,
24 silly registry.get   { server: 'CouchDB/1.2.1 (Erlang OTP/R15B)',
24 silly registry.get     etag: '"8HJAERSN7OX4WCVTH01OHGZRO"',
24 silly registry.get     date: 'Tue, 05 Feb 2013 23:36:42 GMT',
24 silly registry.get     'content-length': '0' } ]
25 verbose etag tidy from cache
26 silly addNameRange number 2 { name: 'tidy', range: '', hasData: true }
27 silly addNameRange versions [ 'tidy', [ '0.0.1' ] ]
28 verbose addNamed [ 'tidy', '0.0.1' ]
29 verbose addNamed [ '0.0.1', '0.0.1' ]
30 silly lockFile e3f81bf4-tidy-0-0-1 tidy@0.0.1
31 verbose lock tidy@0.0.1 /home/spenserj/.npm/e3f81bf4-tidy-0-0-1.lock
32 verbose read json /home/spenserj/.npm/tidy/0.0.1/package/package.json
33 warn package.json tidy@0.0.1 No README.md file found!
34 silly lockFile e3f81bf4-tidy-0-0-1 tidy@0.0.1
35 silly lockFile 1b083149-tidy tidy@
36 silly resolved [ { name: 'tidy',
36 silly resolved     version: '0.0.1',
36 silly resolved     scripts:
36 silly resolved      { preinstall: 'node-waf configure && node-waf clean build',
36 silly resolved        preuninstall: 'rm -rf build/*' },
36 silly resolved     main: 'tidy.js',
36 silly resolved     description: 'a binding to the tidy html library',
36 silly resolved     dependencies: { jsdom: 'latest' },
36 silly resolved     author: { name: 'Martyn Garcia', email: 'martyn.garcia@gmail.com' },
36 silly resolved     _id: 'tidy@0.0.1',
36 silly resolved     readme: 'ERROR: No README.md file found!',
36 silly resolved     _from: 'tidy' } ]
37 info install tidy@0.0.1 into /usr/lib
38 info installOne tidy@0.0.1
39 verbose from cache /home/spenserj/.npm/tidy/0.0.1/package/package.json
40 info /usr/lib/node_modules/tidy unbuild
41 verbose read json /usr/lib/node_modules/tidy/package.json
42 verbose tar unpack /home/spenserj/.npm/tidy/0.0.1/package.tgz
43 silly lockFile 8d4a1b66-usr-lib-node-modules-tidy /usr/lib/node_modules/tidy
44 verbose lock /usr/lib/node_modules/tidy /home/spenserj/.npm/8d4a1b66-usr-lib-node-modules-tidy.lock
45 silly gunzTarPerm modes [ '755', '644' ]
46 silly gunzTarPerm extractEntry package.json
47 silly gunzTarPerm extractEntry tidy.js
48 silly gunzTarPerm extractEntry jquery-1.6.2.min.js
49 silly gunzTarPerm extractEntry test_jsdom.js
50 silly gunzTarPerm extractEntry test_tidy.js
51 silly gunzTarPerm extractEntry engadget_article.html
52 silly gunzTarPerm extractEntry config
53 silly gunzTarPerm extractEntry wscript
54 silly gunzTarPerm extractEntry node_tidy.cc
55 verbose read json /usr/lib/node_modules/tidy/package.json
56 silly lockFile 8d4a1b66-usr-lib-node-modules-tidy /usr/lib/node_modules/tidy
57 info preinstall tidy@0.0.1
58 verbose unsafe-perm in lifecycle false
59 verbose set uid from=0 to=nobody
60 verbose set uid from=0 to=65534
61 silly exec sh "-c" "node-waf configure && node-waf clean build"
62 silly sh,-c,node-waf configure && node-waf clean build,/usr/lib/node_modules/tidy spawning
63 info tidy@0.0.1 Failed to exec preinstall script
64 info /usr/lib/node_modules/tidy unbuild
65 verbose from cache /usr/lib/node_modules/tidy/package.json
66 info preuninstall tidy@0.0.1
67 verbose unsafe-perm in lifecycle false
68 verbose set uid from=0 to=nobody
69 verbose set uid from=0 to=65534
70 silly exec sh "-c" "rm -rf build/*"
71 silly sh,-c,rm -rf build/*,/usr/lib/node_modules/tidy spawning
72 info uninstall tidy@0.0.1
73 verbose true,/usr/lib/node_modules,/usr/lib/node_modules unbuild tidy@0.0.1
74 info postuninstall tidy@0.0.1
75 error tidy@0.0.1 preinstall: `node-waf configure && node-waf clean build`
75 error `sh "-c" "node-waf configure && node-waf clean build"` failed with 1
76 error Failed at the tidy@0.0.1 preinstall script.
76 error This is most likely a problem with the tidy package,
76 error not with npm itself.
76 error Tell the author that this fails on your system:
76 error     node-waf configure && node-waf clean build
76 error You can get their info via:
76 error     npm owner ls tidy
76 error There is likely additional logging output above.
77 error System Linux 3.7.5-linode48
78 error command "nodejs" "/usr/bin/npm" "install" "-g" "tidy"
79 error cwd /home/spenserj/.vim
80 error node -v v0.8.16
81 error npm -v 1.1.69
82 error code ELIFECYCLE
83 verbose exit [ 1, true ]
